C:\Program Files (x86)\Microsoft Visual Studio\2019\Community\MSBuild\Microsoft\VC\v160\Microsoft.CppCommon.targets(39,5): warning MSB4211: The property "IntermediateOutputPath" is being set to a value for the first time, but it was already consumed at "C:\Program Files (x86)\Microsoft Visual Studio\2019\Community\MSBuild\Microsoft\VC\v160\Microsoft.CppCommon.targets (38,5)".
C:\Program Files (x86)\Microsoft Visual Studio\2019\Community\MSBuild\Microsoft\VC\v160\Microsoft.BuildSteps.Targets(30,5): warning MSB4211: The property "DebugType" is being set to a value for the first time, but it was already consumed at "C:\Program Files (x86)\Microsoft Visual Studio\2019\Community\MSBuild\Microsoft\VC\v160\Microsoft.BuildSteps.Targets (29,5)".
C:\Program Files (x86)\Microsoft Visual Studio\2019\Community\MSBuild\Current\Bin\Microsoft.Common.CurrentVersion.targets(373,5): warning MSB4211: The property "CleanFile" is being set to a value for the first time, but it was already consumed at "C:\Program Files (x86)\Microsoft Visual Studio\2019\Community\MSBuild\Microsoft\VC\v160\Microsoft.CppCommon.targets (38,5)".
C:\Program Files (x86)\Microsoft Visual Studio\2019\Community\MSBuild\Microsoft\VC\v160\Microsoft.CppBuild.targets(498,5): warning MSB8004: Intermediate Directory does not end with a trailing slash.  This build instance will add the slash as it is required to allow proper evaluation of the Intermediate Directory.
C:\Program Files (x86)\Microsoft Visual Studio\2019\Community\MSBuild\Microsoft\VC\v160\Microsoft.CppBuild.targets(499,5): warning MSB8004: Output Directory does not end with a trailing slash.  This build instance will add the slash as it is required to allow proper evaluation of the Output Directory.
  annexb.c
  biariencode.c
  block.c
  cabac.c
  configfile.c
  context_ini.c
  decoder.c
  explicit_gop.c
  filehandle.c
  fmo.c
  header.c
  image.c
  img_chroma.c
  img_luma.c
  intrarefresh.c
  leaky_bucket.c
  lencod.c
  loopFilter.c
  macroblock.c
  mbuffer.c
  Generating Code...
  Compiling...
  mb_access.c
  md_distortion.c
  md_high.c
  md_highfast.c
  md_highloss.c
  md_low.c
  memalloc.c
  me_distortion.c
  me_epzs.c
  me_fullfast.c
  me_fullsearch.c
  me_umhex.c
  me_umhexsmp.c
  mode_decision.c
  mv-search.c
  nal.c
  nalu.c
  nalucommon.c
  output.c
  parset.c
  Generating Code...
  Compiling...
  parsetcommon.c
  q_matrix.c
  q_offsets.c
  ratectl.c
  rc_quadratic.c
  rdopt.c
  rdopt_coding_state.c
  rdpicdecision.c
  refbuf.c
  rtp.c
  sei.c
  slice.c
  symbol.c
  transform.c
  transform8x8.c
  vlc.c
  weighted_prediction.c
  Generating Code...
annexb.obj : warning LNK4075: ignoring '/EDITANDCONTINUE' due to '/SAFESEH' specification
  lencod_vc8.vcxproj -> C:\Users\Admin\OneDrive - VNU-HCMUS\Desktop\JM_dp\bin\lencod.exe
