c:\users\admin\onedrive - vnu-hcmus\desktop\jm_dp\ldecod\debug_vc8\vc142.pdb
c:\users\admin\onedrive - vnu-hcmus\desktop\jm_dp\ldecod\debug_vc8\vc142.idb
c:\users\admin\onedrive - vnu-hcmus\desktop\jm_dp\ldecod\debug_vc8\annexb.sbr
c:\users\admin\onedrive - vnu-hcmus\desktop\jm_dp\ldecod\debug_vc8\biaridecod.sbr
c:\users\admin\onedrive - vnu-hcmus\desktop\jm_dp\ldecod\debug_vc8\block.sbr
c:\users\admin\onedrive - vnu-hcmus\desktop\jm_dp\ldecod\debug_vc8\cabac.sbr
c:\users\admin\onedrive - vnu-hcmus\desktop\jm_dp\ldecod\debug_vc8\context_ini.sbr
c:\users\admin\onedrive - vnu-hcmus\desktop\jm_dp\ldecod\debug_vc8\erc_api.sbr
c:\users\admin\onedrive - vnu-hcmus\desktop\jm_dp\ldecod\debug_vc8\erc_do_i.sbr
c:\users\admin\onedrive - vnu-hcmus\desktop\jm_dp\ldecod\debug_vc8\erc_do_p.sbr
c:\users\admin\onedrive - vnu-hcmus\desktop\jm_dp\ldecod\debug_vc8\errorconcealment.sbr
c:\users\admin\onedrive - vnu-hcmus\desktop\jm_dp\ldecod\debug_vc8\filehandle.sbr
c:\users\admin\onedrive - vnu-hcmus\desktop\jm_dp\ldecod\debug_vc8\fmo.sbr
c:\users\admin\onedrive - vnu-hcmus\desktop\jm_dp\ldecod\debug_vc8\header.sbr
c:\users\admin\onedrive - vnu-hcmus\desktop\jm_dp\ldecod\debug_vc8\image.sbr
c:\users\admin\onedrive - vnu-hcmus\desktop\jm_dp\ldecod\debug_vc8\ldecod.sbr
c:\users\admin\onedrive - vnu-hcmus\desktop\jm_dp\ldecod\debug_vc8\leaky_bucket.sbr
c:\users\admin\onedrive - vnu-hcmus\desktop\jm_dp\ldecod\debug_vc8\loopfilter.sbr
c:\users\admin\onedrive - vnu-hcmus\desktop\jm_dp\ldecod\debug_vc8\macroblock.sbr
c:\users\admin\onedrive - vnu-hcmus\desktop\jm_dp\ldecod\debug_vc8\mbuffer.sbr
c:\users\admin\onedrive - vnu-hcmus\desktop\jm_dp\ldecod\debug_vc8\mb_access.sbr
c:\users\admin\onedrive - vnu-hcmus\desktop\jm_dp\ldecod\debug_vc8\mc_prediction.sbr
c:\users\admin\onedrive - vnu-hcmus\desktop\jm_dp\ldecod\debug_vc8\mc_prediction.obj
c:\users\admin\onedrive - vnu-hcmus\desktop\jm_dp\ldecod\debug_vc8\mb_access.obj
c:\users\admin\onedrive - vnu-hcmus\desktop\jm_dp\ldecod\debug_vc8\mbuffer.obj
c:\users\admin\onedrive - vnu-hcmus\desktop\jm_dp\ldecod\debug_vc8\macroblock.obj
c:\users\admin\onedrive - vnu-hcmus\desktop\jm_dp\ldecod\debug_vc8\loopfilter.obj
c:\users\admin\onedrive - vnu-hcmus\desktop\jm_dp\ldecod\debug_vc8\leaky_bucket.obj
c:\users\admin\onedrive - vnu-hcmus\desktop\jm_dp\ldecod\debug_vc8\ldecod.obj
c:\users\admin\onedrive - vnu-hcmus\desktop\jm_dp\ldecod\debug_vc8\image.obj
c:\users\admin\onedrive - vnu-hcmus\desktop\jm_dp\ldecod\debug_vc8\header.obj
c:\users\admin\onedrive - vnu-hcmus\desktop\jm_dp\ldecod\debug_vc8\fmo.obj
c:\users\admin\onedrive - vnu-hcmus\desktop\jm_dp\ldecod\debug_vc8\filehandle.obj
c:\users\admin\onedrive - vnu-hcmus\desktop\jm_dp\ldecod\debug_vc8\errorconcealment.obj
c:\users\admin\onedrive - vnu-hcmus\desktop\jm_dp\ldecod\debug_vc8\erc_do_p.obj
c:\users\admin\onedrive - vnu-hcmus\desktop\jm_dp\ldecod\debug_vc8\erc_do_i.obj
c:\users\admin\onedrive - vnu-hcmus\desktop\jm_dp\ldecod\debug_vc8\erc_api.obj
c:\users\admin\onedrive - vnu-hcmus\desktop\jm_dp\ldecod\debug_vc8\context_ini.obj
c:\users\admin\onedrive - vnu-hcmus\desktop\jm_dp\ldecod\debug_vc8\cabac.obj
c:\users\admin\onedrive - vnu-hcmus\desktop\jm_dp\ldecod\debug_vc8\block.obj
c:\users\admin\onedrive - vnu-hcmus\desktop\jm_dp\ldecod\debug_vc8\biaridecod.obj
c:\users\admin\onedrive - vnu-hcmus\desktop\jm_dp\ldecod\debug_vc8\annexb.obj
c:\users\admin\onedrive - vnu-hcmus\desktop\jm_dp\ldecod\debug_vc8\memalloc.sbr
c:\users\admin\onedrive - vnu-hcmus\desktop\jm_dp\ldecod\debug_vc8\nal.sbr
c:\users\admin\onedrive - vnu-hcmus\desktop\jm_dp\ldecod\debug_vc8\nalu.sbr
c:\users\admin\onedrive - vnu-hcmus\desktop\jm_dp\ldecod\debug_vc8\nalucommon.sbr
c:\users\admin\onedrive - vnu-hcmus\desktop\jm_dp\ldecod\debug_vc8\nal_part.sbr
c:\users\admin\onedrive - vnu-hcmus\desktop\jm_dp\ldecod\debug_vc8\output.sbr
c:\users\admin\onedrive - vnu-hcmus\desktop\jm_dp\ldecod\debug_vc8\parset.sbr
c:\users\admin\onedrive - vnu-hcmus\desktop\jm_dp\ldecod\debug_vc8\parsetcommon.sbr
c:\users\admin\onedrive - vnu-hcmus\desktop\jm_dp\ldecod\debug_vc8\rtp.sbr
c:\users\admin\onedrive - vnu-hcmus\desktop\jm_dp\ldecod\debug_vc8\sei.sbr
c:\users\admin\onedrive - vnu-hcmus\desktop\jm_dp\ldecod\debug_vc8\transform8x8.sbr
c:\users\admin\onedrive - vnu-hcmus\desktop\jm_dp\ldecod\debug_vc8\vlc.sbr
c:\users\admin\onedrive - vnu-hcmus\desktop\jm_dp\ldecod\debug_vc8\vlc.obj
c:\users\admin\onedrive - vnu-hcmus\desktop\jm_dp\ldecod\debug_vc8\transform8x8.obj
c:\users\admin\onedrive - vnu-hcmus\desktop\jm_dp\ldecod\debug_vc8\sei.obj
c:\users\admin\onedrive - vnu-hcmus\desktop\jm_dp\ldecod\debug_vc8\parsetcommon.obj
c:\users\admin\onedrive - vnu-hcmus\desktop\jm_dp\ldecod\debug_vc8\parset.obj
c:\users\admin\onedrive - vnu-hcmus\desktop\jm_dp\ldecod\debug_vc8\output.obj
c:\users\admin\onedrive - vnu-hcmus\desktop\jm_dp\ldecod\debug_vc8\nal_part.obj
c:\users\admin\onedrive - vnu-hcmus\desktop\jm_dp\ldecod\debug_vc8\nalucommon.obj
c:\users\admin\onedrive - vnu-hcmus\desktop\jm_dp\ldecod\debug_vc8\nalu.obj
c:\users\admin\onedrive - vnu-hcmus\desktop\jm_dp\ldecod\debug_vc8\nal.obj
c:\users\admin\onedrive - vnu-hcmus\desktop\jm_dp\ldecod\debug_vc8\memalloc.obj
c:\users\admin\onedrive - vnu-hcmus\desktop\jm_dp\ldecod\debug_vc8\ldecod.tlog\cl.command.1.tlog
c:\users\admin\onedrive - vnu-hcmus\desktop\jm_dp\ldecod\debug_vc8\ldecod.tlog\cl.read.1.tlog
c:\users\admin\onedrive - vnu-hcmus\desktop\jm_dp\ldecod\debug_vc8\ldecod.tlog\cl.write.1.tlog
