c:\users\admin\onedrive - vnu-hcmus\desktop\jm_dp\lencod\debug_vc8\vc142.pdb
c:\users\admin\onedrive - vnu-hcmus\desktop\jm_dp\lencod\debug_vc8\vc142.idb
c:\users\admin\onedrive - vnu-hcmus\desktop\jm_dp\lencod\debug_vc8\annexb.sbr
c:\users\admin\onedrive - vnu-hcmus\desktop\jm_dp\lencod\debug_vc8\biariencode.sbr
c:\users\admin\onedrive - vnu-hcmus\desktop\jm_dp\lencod\debug_vc8\block.sbr
c:\users\admin\onedrive - vnu-hcmus\desktop\jm_dp\lencod\debug_vc8\cabac.sbr
c:\users\admin\onedrive - vnu-hcmus\desktop\jm_dp\lencod\debug_vc8\configfile.sbr
c:\users\admin\onedrive - vnu-hcmus\desktop\jm_dp\lencod\debug_vc8\context_ini.sbr
c:\users\admin\onedrive - vnu-hcmus\desktop\jm_dp\lencod\debug_vc8\decoder.sbr
c:\users\admin\onedrive - vnu-hcmus\desktop\jm_dp\lencod\debug_vc8\explicit_gop.sbr
c:\users\admin\onedrive - vnu-hcmus\desktop\jm_dp\lencod\debug_vc8\filehandle.sbr
c:\users\admin\onedrive - vnu-hcmus\desktop\jm_dp\lencod\debug_vc8\fmo.sbr
c:\users\admin\onedrive - vnu-hcmus\desktop\jm_dp\lencod\debug_vc8\header.sbr
c:\users\admin\onedrive - vnu-hcmus\desktop\jm_dp\lencod\debug_vc8\image.sbr
c:\users\admin\onedrive - vnu-hcmus\desktop\jm_dp\lencod\debug_vc8\img_chroma.sbr
c:\users\admin\onedrive - vnu-hcmus\desktop\jm_dp\lencod\debug_vc8\img_luma.sbr
c:\users\admin\onedrive - vnu-hcmus\desktop\jm_dp\lencod\debug_vc8\intrarefresh.sbr
c:\users\admin\onedrive - vnu-hcmus\desktop\jm_dp\lencod\debug_vc8\leaky_bucket.sbr
c:\users\admin\onedrive - vnu-hcmus\desktop\jm_dp\lencod\debug_vc8\lencod.sbr
c:\users\admin\onedrive - vnu-hcmus\desktop\jm_dp\lencod\debug_vc8\loopfilter.sbr
c:\users\admin\onedrive - vnu-hcmus\desktop\jm_dp\lencod\debug_vc8\macroblock.sbr
c:\users\admin\onedrive - vnu-hcmus\desktop\jm_dp\lencod\debug_vc8\mbuffer.sbr
c:\users\admin\onedrive - vnu-hcmus\desktop\jm_dp\lencod\debug_vc8\mbuffer.obj
c:\users\admin\onedrive - vnu-hcmus\desktop\jm_dp\lencod\debug_vc8\loopfilter.obj
c:\users\admin\onedrive - vnu-hcmus\desktop\jm_dp\lencod\debug_vc8\lencod.obj
c:\users\admin\onedrive - vnu-hcmus\desktop\jm_dp\lencod\debug_vc8\leaky_bucket.obj
c:\users\admin\onedrive - vnu-hcmus\desktop\jm_dp\lencod\debug_vc8\intrarefresh.obj
c:\users\admin\onedrive - vnu-hcmus\desktop\jm_dp\lencod\debug_vc8\img_luma.obj
c:\users\admin\onedrive - vnu-hcmus\desktop\jm_dp\lencod\debug_vc8\img_chroma.obj
c:\users\admin\onedrive - vnu-hcmus\desktop\jm_dp\lencod\debug_vc8\image.obj
c:\users\admin\onedrive - vnu-hcmus\desktop\jm_dp\lencod\debug_vc8\header.obj
c:\users\admin\onedrive - vnu-hcmus\desktop\jm_dp\lencod\debug_vc8\fmo.obj
c:\users\admin\onedrive - vnu-hcmus\desktop\jm_dp\lencod\debug_vc8\filehandle.obj
c:\users\admin\onedrive - vnu-hcmus\desktop\jm_dp\lencod\debug_vc8\explicit_gop.obj
c:\users\admin\onedrive - vnu-hcmus\desktop\jm_dp\lencod\debug_vc8\decoder.obj
c:\users\admin\onedrive - vnu-hcmus\desktop\jm_dp\lencod\debug_vc8\context_ini.obj
c:\users\admin\onedrive - vnu-hcmus\desktop\jm_dp\lencod\debug_vc8\configfile.obj
c:\users\admin\onedrive - vnu-hcmus\desktop\jm_dp\lencod\debug_vc8\cabac.obj
c:\users\admin\onedrive - vnu-hcmus\desktop\jm_dp\lencod\debug_vc8\block.obj
c:\users\admin\onedrive - vnu-hcmus\desktop\jm_dp\lencod\debug_vc8\biariencode.obj
c:\users\admin\onedrive - vnu-hcmus\desktop\jm_dp\lencod\debug_vc8\annexb.obj
c:\users\admin\onedrive - vnu-hcmus\desktop\jm_dp\lencod\debug_vc8\mb_access.sbr
c:\users\admin\onedrive - vnu-hcmus\desktop\jm_dp\lencod\debug_vc8\md_distortion.sbr
c:\users\admin\onedrive - vnu-hcmus\desktop\jm_dp\lencod\debug_vc8\md_high.sbr
c:\users\admin\onedrive - vnu-hcmus\desktop\jm_dp\lencod\debug_vc8\md_highfast.sbr
c:\users\admin\onedrive - vnu-hcmus\desktop\jm_dp\lencod\debug_vc8\md_highloss.sbr
c:\users\admin\onedrive - vnu-hcmus\desktop\jm_dp\lencod\debug_vc8\md_low.sbr
c:\users\admin\onedrive - vnu-hcmus\desktop\jm_dp\lencod\debug_vc8\memalloc.sbr
c:\users\admin\onedrive - vnu-hcmus\desktop\jm_dp\lencod\debug_vc8\me_distortion.sbr
c:\users\admin\onedrive - vnu-hcmus\desktop\jm_dp\lencod\debug_vc8\me_epzs.sbr
c:\users\admin\onedrive - vnu-hcmus\desktop\jm_dp\lencod\debug_vc8\me_fullfast.sbr
c:\users\admin\onedrive - vnu-hcmus\desktop\jm_dp\lencod\debug_vc8\me_fullsearch.sbr
c:\users\admin\onedrive - vnu-hcmus\desktop\jm_dp\lencod\debug_vc8\me_umhex.sbr
c:\users\admin\onedrive - vnu-hcmus\desktop\jm_dp\lencod\debug_vc8\me_umhexsmp.sbr
c:\users\admin\onedrive - vnu-hcmus\desktop\jm_dp\lencod\debug_vc8\mode_decision.sbr
c:\users\admin\onedrive - vnu-hcmus\desktop\jm_dp\lencod\debug_vc8\mv-search.sbr
c:\users\admin\onedrive - vnu-hcmus\desktop\jm_dp\lencod\debug_vc8\nal.sbr
c:\users\admin\onedrive - vnu-hcmus\desktop\jm_dp\lencod\debug_vc8\nalu.sbr
c:\users\admin\onedrive - vnu-hcmus\desktop\jm_dp\lencod\debug_vc8\nalucommon.sbr
c:\users\admin\onedrive - vnu-hcmus\desktop\jm_dp\lencod\debug_vc8\output.sbr
c:\users\admin\onedrive - vnu-hcmus\desktop\jm_dp\lencod\debug_vc8\parset.sbr
c:\users\admin\onedrive - vnu-hcmus\desktop\jm_dp\lencod\debug_vc8\parset.obj
c:\users\admin\onedrive - vnu-hcmus\desktop\jm_dp\lencod\debug_vc8\output.obj
c:\users\admin\onedrive - vnu-hcmus\desktop\jm_dp\lencod\debug_vc8\nalucommon.obj
c:\users\admin\onedrive - vnu-hcmus\desktop\jm_dp\lencod\debug_vc8\nalu.obj
c:\users\admin\onedrive - vnu-hcmus\desktop\jm_dp\lencod\debug_vc8\nal.obj
c:\users\admin\onedrive - vnu-hcmus\desktop\jm_dp\lencod\debug_vc8\mv-search.obj
c:\users\admin\onedrive - vnu-hcmus\desktop\jm_dp\lencod\debug_vc8\mode_decision.obj
c:\users\admin\onedrive - vnu-hcmus\desktop\jm_dp\lencod\debug_vc8\me_umhexsmp.obj
c:\users\admin\onedrive - vnu-hcmus\desktop\jm_dp\lencod\debug_vc8\me_umhex.obj
c:\users\admin\onedrive - vnu-hcmus\desktop\jm_dp\lencod\debug_vc8\me_fullsearch.obj
c:\users\admin\onedrive - vnu-hcmus\desktop\jm_dp\lencod\debug_vc8\me_fullfast.obj
c:\users\admin\onedrive - vnu-hcmus\desktop\jm_dp\lencod\debug_vc8\me_epzs.obj
c:\users\admin\onedrive - vnu-hcmus\desktop\jm_dp\lencod\debug_vc8\me_distortion.obj
c:\users\admin\onedrive - vnu-hcmus\desktop\jm_dp\lencod\debug_vc8\memalloc.obj
c:\users\admin\onedrive - vnu-hcmus\desktop\jm_dp\lencod\debug_vc8\md_low.obj
c:\users\admin\onedrive - vnu-hcmus\desktop\jm_dp\lencod\debug_vc8\md_highloss.obj
c:\users\admin\onedrive - vnu-hcmus\desktop\jm_dp\lencod\debug_vc8\md_highfast.obj
c:\users\admin\onedrive - vnu-hcmus\desktop\jm_dp\lencod\debug_vc8\md_high.obj
c:\users\admin\onedrive - vnu-hcmus\desktop\jm_dp\lencod\debug_vc8\md_distortion.obj
c:\users\admin\onedrive - vnu-hcmus\desktop\jm_dp\lencod\debug_vc8\mb_access.obj
c:\users\admin\onedrive - vnu-hcmus\desktop\jm_dp\lencod\debug_vc8\parsetcommon.sbr
c:\users\admin\onedrive - vnu-hcmus\desktop\jm_dp\lencod\debug_vc8\q_matrix.sbr
c:\users\admin\onedrive - vnu-hcmus\desktop\jm_dp\lencod\debug_vc8\q_offsets.sbr
c:\users\admin\onedrive - vnu-hcmus\desktop\jm_dp\lencod\debug_vc8\ratectl.sbr
c:\users\admin\onedrive - vnu-hcmus\desktop\jm_dp\lencod\debug_vc8\rc_quadratic.sbr
c:\users\admin\onedrive - vnu-hcmus\desktop\jm_dp\lencod\debug_vc8\rdopt.sbr
c:\users\admin\onedrive - vnu-hcmus\desktop\jm_dp\lencod\debug_vc8\rdopt_coding_state.sbr
c:\users\admin\onedrive - vnu-hcmus\desktop\jm_dp\lencod\debug_vc8\rdpicdecision.sbr
c:\users\admin\onedrive - vnu-hcmus\desktop\jm_dp\lencod\debug_vc8\refbuf.sbr
c:\users\admin\onedrive - vnu-hcmus\desktop\jm_dp\lencod\debug_vc8\rtp.sbr
c:\users\admin\onedrive - vnu-hcmus\desktop\jm_dp\lencod\debug_vc8\sei.sbr
c:\users\admin\onedrive - vnu-hcmus\desktop\jm_dp\lencod\debug_vc8\slice.sbr
c:\users\admin\onedrive - vnu-hcmus\desktop\jm_dp\lencod\debug_vc8\symbol.sbr
c:\users\admin\onedrive - vnu-hcmus\desktop\jm_dp\lencod\debug_vc8\transform.sbr
c:\users\admin\onedrive - vnu-hcmus\desktop\jm_dp\lencod\debug_vc8\transform8x8.sbr
c:\users\admin\onedrive - vnu-hcmus\desktop\jm_dp\lencod\debug_vc8\vlc.sbr
c:\users\admin\onedrive - vnu-hcmus\desktop\jm_dp\lencod\debug_vc8\weighted_prediction.sbr
c:\users\admin\onedrive - vnu-hcmus\desktop\jm_dp\lencod\debug_vc8\weighted_prediction.obj
c:\users\admin\onedrive - vnu-hcmus\desktop\jm_dp\lencod\debug_vc8\vlc.obj
c:\users\admin\onedrive - vnu-hcmus\desktop\jm_dp\lencod\debug_vc8\transform.obj
c:\users\admin\onedrive - vnu-hcmus\desktop\jm_dp\lencod\debug_vc8\symbol.obj
c:\users\admin\onedrive - vnu-hcmus\desktop\jm_dp\lencod\debug_vc8\slice.obj
c:\users\admin\onedrive - vnu-hcmus\desktop\jm_dp\lencod\debug_vc8\sei.obj
c:\users\admin\onedrive - vnu-hcmus\desktop\jm_dp\lencod\debug_vc8\rtp.obj
c:\users\admin\onedrive - vnu-hcmus\desktop\jm_dp\lencod\debug_vc8\refbuf.obj
c:\users\admin\onedrive - vnu-hcmus\desktop\jm_dp\lencod\debug_vc8\rdpicdecision.obj
c:\users\admin\onedrive - vnu-hcmus\desktop\jm_dp\lencod\debug_vc8\rdopt_coding_state.obj
c:\users\admin\onedrive - vnu-hcmus\desktop\jm_dp\lencod\debug_vc8\rc_quadratic.obj
c:\users\admin\onedrive - vnu-hcmus\desktop\jm_dp\lencod\debug_vc8\ratectl.obj
c:\users\admin\onedrive - vnu-hcmus\desktop\jm_dp\lencod\debug_vc8\q_offsets.obj
c:\users\admin\onedrive - vnu-hcmus\desktop\jm_dp\lencod\debug_vc8\q_matrix.obj
c:\users\admin\onedrive - vnu-hcmus\desktop\jm_dp\lencod\debug_vc8\parsetcommon.obj
c:\users\admin\onedrive - vnu-hcmus\desktop\jm_dp\lencod\debug_vc8\lencod.tlog\cl.command.1.tlog
c:\users\admin\onedrive - vnu-hcmus\desktop\jm_dp\lencod\debug_vc8\lencod.tlog\cl.read.1.tlog
c:\users\admin\onedrive - vnu-hcmus\desktop\jm_dp\lencod\debug_vc8\lencod.tlog\cl.write.1.tlog
