c:\users\admin\onedrive - vnu-hcmus\desktop\jm_dp\rtpdump\debug_vc8\rtpdump.bsc
c:\users\admin\onedrive - vnu-hcmus\desktop\jm_dp\rtpdump\debug_vc8\rtpdump.pch
c:\users\admin\onedrive - vnu-hcmus\desktop\jm_dp\rtpdump\debug_vc8\vc142.pdb
c:\users\admin\onedrive - vnu-hcmus\desktop\jm_dp\rtpdump\debug_vc8\vc142.idb
c:\users\admin\onedrive - vnu-hcmus\desktop\jm_dp\rtpdump\debug_vc8\stdafx.sbr
c:\users\admin\onedrive - vnu-hcmus\desktop\jm_dp\rtpdump\debug_vc8\stdafx.obj
c:\users\admin\onedrive - vnu-hcmus\desktop\jm_dp\rtpdump\debug_vc8\rtpdump.sbr
c:\users\admin\onedrive - vnu-hcmus\desktop\jm_dp\rtpdump\debug_vc8\rtpdump.obj
c:\users\admin\onedrive - vnu-hcmus\desktop\jm_dp\rtpdump\debug_vc8\rtpdump.ilk
c:\users\admin\onedrive - vnu-hcmus\desktop\jm_dp\rtpdump\debug_vc8\rtpdump.exe
c:\users\admin\onedrive - vnu-hcmus\desktop\jm_dp\rtpdump\debug_vc8\rtpdump.pdb
c:\users\admin\onedrive - vnu-hcmus\desktop\jm_dp\rtpdump\debug_vc8\rtpdump.tlog\bscmake.command.1.tlog
c:\users\admin\onedrive - vnu-hcmus\desktop\jm_dp\rtpdump\debug_vc8\rtpdump.tlog\bscmake.read.1.tlog
c:\users\admin\onedrive - vnu-hcmus\desktop\jm_dp\rtpdump\debug_vc8\rtpdump.tlog\bscmake.write.1.tlog
c:\users\admin\onedrive - vnu-hcmus\desktop\jm_dp\rtpdump\debug_vc8\rtpdump.tlog\cl.command.1.tlog
c:\users\admin\onedrive - vnu-hcmus\desktop\jm_dp\rtpdump\debug_vc8\rtpdump.tlog\cl.read.1.tlog
c:\users\admin\onedrive - vnu-hcmus\desktop\jm_dp\rtpdump\debug_vc8\rtpdump.tlog\cl.write.1.tlog
c:\users\admin\onedrive - vnu-hcmus\desktop\jm_dp\rtpdump\debug_vc8\rtpdump.tlog\link.command.1.tlog
c:\users\admin\onedrive - vnu-hcmus\desktop\jm_dp\rtpdump\debug_vc8\rtpdump.tlog\link.read.1.tlog
c:\users\admin\onedrive - vnu-hcmus\desktop\jm_dp\rtpdump\debug_vc8\rtpdump.tlog\link.write.1.tlog
